<?xml version="1.0" encoding="UTF-8"?>
<testsuite name="okestro.mission1.Mission1ApplicationTests" tests="1" skipped="0" failures="0" errors="0" timestamp="2025-05-23T07:40:57.892Z" hostname="isangmin-ui-MacBookPro.local" time="0.245">
  <properties/>
  <testcase name="contextLoads()" classname="okestro.mission1.Mission1ApplicationTests" time="0.245"/>
  <system-out><![CDATA[16:40:56.388 [Test worker] INFO org.springframework.test.context.support.AnnotationConfigContextLoaderUtils -- Could not detect default configuration classes for test class [okestro.mission1.Mission1ApplicationTests]: Mission1ApplicationTests does not declare any static, non-private, non-final, nested classes annotated with @Configuration.
16:40:56.424 [Test worker] INFO org.springframework.boot.test.context.SpringBootTestContextBootstrapper -- Found @SpringBootConfiguration okestro.mission1.Mission1Application for test class okestro.mission1.Mission1ApplicationTests

  .   ____          _            __ _ _
 /\\ / ___'_ __ _ _(_)_ __  __ _ \ \ \ \
( ( )\___ | '_ | '_| | '_ \/ _` | \ \ \ \
 \\/  ___)| |_)| | | | | || (_| |  ) ) ) )
  '  |____| .__|_| |_|_| |_\__, | / / / /
 =========|_|==============|___/=/_/_/_/
 :: Spring Boot ::                (v3.2.7)

2025-05-23T16:40:56.551+09:00  INFO 38395 --- [mission1] [    Test worker] o.mission1.Mission1ApplicationTests      : Starting Mission1ApplicationTests using Java 17.0.15 with PID 38395 (started by okestro in /Users/okestro/IdeaProjects/mission1)
2025-05-23T16:40:56.552+09:00  INFO 38395 --- [mission1] [    Test worker] o.mission1.Mission1ApplicationTests      : No active profile set, falling back to 1 default profile: "default"
2025-05-23T16:40:56.782+09:00  INFO 38395 --- [mission1] [    Test worker] .s.d.r.c.RepositoryConfigurationDelegate : Bootstrapping Spring Data JPA repositories in DEFAULT mode.
2025-05-23T16:40:56.810+09:00  INFO 38395 --- [mission1] [    Test worker] .s.d.r.c.RepositoryConfigurationDelegate : Finished Spring Data repository scanning in 24 ms. Found 5 JPA repository interfaces.
2025-05-23T16:40:56.923+09:00  INFO 38395 --- [mission1] [    Test worker] com.zaxxer.hikari.HikariDataSource       : HikariPool-1 - Starting...
2025-05-23T16:40:56.962+09:00  INFO 38395 --- [mission1] [    Test worker] com.zaxxer.hikari.pool.HikariPool        : HikariPool-1 - Added connection org.mariadb.jdbc.Connection@32507479
2025-05-23T16:40:56.963+09:00  INFO 38395 --- [mission1] [    Test worker] com.zaxxer.hikari.HikariDataSource       : HikariPool-1 - Start completed.
2025-05-23T16:40:57.045+09:00  INFO 38395 --- [mission1] [    Test worker] o.hibernate.jpa.internal.util.LogHelper  : HHH000204: Processing PersistenceUnitInfo [name: default]
2025-05-23T16:40:57.060+09:00  INFO 38395 --- [mission1] [    Test worker] org.hibernate.Version                    : HHH000412: Hibernate ORM core version 6.4.9.Final
2025-05-23T16:40:57.068+09:00  INFO 38395 --- [mission1] [    Test worker] o.h.c.internal.RegionFactoryInitiator    : HHH000026: Second-level cache disabled
2025-05-23T16:40:57.138+09:00  INFO 38395 --- [mission1] [    Test worker] o.s.o.j.p.SpringPersistenceUnitInfo      : No LoadTimeWeaver setup: ignoring JPA class transformer
2025-05-23T16:40:57.152+09:00  WARN 38395 --- [mission1] [    Test worker] org.hibernate.orm.deprecation            : HHH90000025: MySQLDialect does not need to be specified explicitly using 'hibernate.dialect' (remove the property setting and it will be selected by default)
2025-05-23T16:40:57.456+09:00  INFO 38395 --- [mission1] [    Test worker] o.h.e.t.j.p.i.JtaPlatformInitiator       : HHH000489: No JTA platform available (set 'hibernate.transaction.jta.platform' to enable JTA platform integration)
2025-05-23T16:40:57.457+09:00  INFO 38395 --- [mission1] [    Test worker] j.LocalContainerEntityManagerFactoryBean : Initialized JPA EntityManagerFactory for persistence unit 'default'
2025-05-23T16:40:57.557+09:00  INFO 38395 --- [mission1] [    Test worker] o.s.d.j.r.query.QueryEnhancerFactory     : Hibernate is in classpath; If applicable, HQL parser will be used.
2025-05-23T16:40:57.752+09:00  WARN 38395 --- [mission1] [    Test worker] JpaBaseConfiguration$JpaWebConfiguration : spring.jpa.open-in-view is enabled by default. Therefore, database queries may be performed during view rendering. Explicitly configure spring.jpa.open-in-view to disable this warning
2025-05-23T16:40:57.888+09:00  INFO 38395 --- [mission1] [    Test worker] o.mission1.Mission1ApplicationTests      : Started Mission1ApplicationTests in 1.415 seconds (process running for 1.832)
]]></system-out>
  <system-err><![CDATA[]]></system-err>
</testsuite>
