<?xml version="1.0" encoding="UTF-8"?>
<testsuite name="okestro.mission1.service.VmServiceTest$가상머신_목록_조회_시도시" tests="0" skipped="0" failures="0" errors="0" timestamp="1970-01-01T00:00:00Z" hostname="isangmin-ui-MacBookPro.local" time="0.0">
  <properties/>
  <system-out><![CDATA[15:52:22.610 [Test worker] INFO org.springframework.test.context.support.AnnotationConfigContextLoaderUtils -- Could not detect default configuration classes for test class [okestro.mission1.service.VmServiceTest$가상머신_목록_조회_시도시]: 가상머신_목록_조회_시도시 does not declare any static, non-private, non-final, nested classes annotated with @Configuration.
15:52:22.611 [Test worker] INFO org.springframework.boot.test.context.SpringBootTestContextBootstrapper -- Found @SpringBootConfiguration okestro.mission1.Mission1Application for test class okestro.mission1.service.VmServiceTest$가상머신_목록_조회_시도시
]]></system-out>
  <system-err><![CDATA[]]></system-err>
</testsuite>
