<?xml version="1.0" encoding="UTF-8"?>
<testsuite name="okestro.mission1.service.TagServiceTest$태그를_삭제시도시" tests="2" skipped="0" failures="0" errors="0" timestamp="2025-05-23T07:40:58.590Z" hostname="isangmin-ui-MacBookPro.local" time="0.013">
  <properties/>
  <testcase name="존재하지_않는_태그_Id가_주어진다면_삭제에_실패한다()" classname="okestro.mission1.service.TagServiceTest$태그를_삭제시도시" time="0.007"/>
  <testcase name="존재하는_태그_Id가_주어진다면_삭제에_성공한다()" classname="okestro.mission1.service.TagServiceTest$태그를_삭제시도시" time="0.006"/>
  <system-out><![CDATA[2025-05-23T16:40:58.590+09:00  INFO 38395 --- [mission1] [    Test worker] t.c.s.AnnotationConfigContextLoaderUtils : Could not detect default configuration classes for test class [okestro.mission1.service.TagServiceTest$태그를_삭제시도시]: 태그를_삭제시도시 does not declare any static, non-private, non-final, nested classes annotated with @Configuration.
2025-05-23T16:40:58.590+09:00  INFO 38395 --- [mission1] [    Test worker] .b.t.c.SpringBootTestContextBootstrapper : Found @SpringBootConfiguration okestro.mission1.Mission1Application for test class okestro.mission1.service.TagServiceTest$태그를_삭제시도시
Hibernate: select t1_0.tag_id,t1_0.create_at,t1_0.name,t1_0.update_at from tag t1_0
Hibernate: insert into tag (create_at,name,update_at,tag_id) values (?,?,?,default)
Hibernate: insert into tag (create_at,name,update_at,tag_id) values (?,?,?,default)
Hibernate: insert into tag (create_at,name,update_at,tag_id) values (?,?,?,default)
Hibernate: insert into tag (create_at,name,update_at,tag_id) values (?,?,?,default)
Hibernate: insert into tag (create_at,name,update_at,tag_id) values (?,?,?,default)
Hibernate: select t1_0.tag_id,t1_0.create_at,t1_0.name,t1_0.update_at from tag t1_0 where t1_0.tag_id=?
Hibernate: select t1_0.tag_id,t1_0.create_at,t1_0.name,t1_0.update_at from tag t1_0
Hibernate: insert into tag (create_at,name,update_at,tag_id) values (?,?,?,default)
Hibernate: insert into tag (create_at,name,update_at,tag_id) values (?,?,?,default)
Hibernate: insert into tag (create_at,name,update_at,tag_id) values (?,?,?,default)
Hibernate: insert into tag (create_at,name,update_at,tag_id) values (?,?,?,default)
Hibernate: insert into tag (create_at,name,update_at,tag_id) values (?,?,?,default)
Hibernate: select t1_0.tag_id,t1_0.create_at,t1_0.name,t1_0.update_at from tag t1_0 where t1_0.name=?
]]></system-out>
  <system-err><![CDATA[]]></system-err>
</testsuite>
