<?xml version="1.0" encoding="UTF-8"?>
<testsuite name="okestro.mission1.service.TagServiceTest$태그명을_수정_시도시" tests="3" skipped="0" failures="0" errors="0" timestamp="2025-05-23T07:40:58.565Z" hostname="isangmin-ui-MacBookPro.local" time="0.022">
  <properties/>
  <testcase name="중복된_태그_명이_주어진다면_수정에_실패한다()" classname="okestro.mission1.service.TagServiceTest$태그명을_수정_시도시" time="0.009"/>
  <testcase name="중복되지_않으며_공백이_아닌_태그_명이_주어진다면_수정에_성공한다()" classname="okestro.mission1.service.TagServiceTest$태그명을_수정_시도시" time="0.009"/>
  <testcase name="공백으로_태그_명이_주어진다면_수정에_실패한다()" classname="okestro.mission1.service.TagServiceTest$태그명을_수정_시도시" time="0.004"/>
  <system-out><![CDATA[2025-05-23T16:40:58.565+09:00  INFO 38395 --- [mission1] [    Test worker] t.c.s.AnnotationConfigContextLoaderUtils : Could not detect default configuration classes for test class [okestro.mission1.service.TagServiceTest$태그명을_수정_시도시]: 태그명을_수정_시도시 does not declare any static, non-private, non-final, nested classes annotated with @Configuration.
2025-05-23T16:40:58.565+09:00  INFO 38395 --- [mission1] [    Test worker] .b.t.c.SpringBootTestContextBootstrapper : Found @SpringBootConfiguration okestro.mission1.Mission1Application for test class okestro.mission1.service.TagServiceTest$태그명을_수정_시도시
Hibernate: select t1_0.tag_id,t1_0.create_at,t1_0.name,t1_0.update_at from tag t1_0
Hibernate: insert into tag (create_at,name,update_at,tag_id) values (?,?,?,default)
Hibernate: insert into tag (create_at,name,update_at,tag_id) values (?,?,?,default)
Hibernate: insert into tag (create_at,name,update_at,tag_id) values (?,?,?,default)
Hibernate: insert into tag (create_at,name,update_at,tag_id) values (?,?,?,default)
Hibernate: insert into tag (create_at,name,update_at,tag_id) values (?,?,?,default)
Hibernate: select t1_0.tag_id,t1_0.create_at,t1_0.name,t1_0.update_at from tag t1_0 where t1_0.name=?
Hibernate: select t1_0.tag_id from tag t1_0 where t1_0.name=? fetch first ? rows only
Hibernate: select t1_0.tag_id,t1_0.create_at,t1_0.name,t1_0.update_at from tag t1_0
Hibernate: insert into tag (create_at,name,update_at,tag_id) values (?,?,?,default)
Hibernate: insert into tag (create_at,name,update_at,tag_id) values (?,?,?,default)
Hibernate: insert into tag (create_at,name,update_at,tag_id) values (?,?,?,default)
Hibernate: insert into tag (create_at,name,update_at,tag_id) values (?,?,?,default)
Hibernate: insert into tag (create_at,name,update_at,tag_id) values (?,?,?,default)
Hibernate: select t1_0.tag_id,t1_0.create_at,t1_0.name,t1_0.update_at from tag t1_0 where t1_0.name=?
Hibernate: select t1_0.tag_id from tag t1_0 where t1_0.name=? fetch first ? rows only
Hibernate: update tag set name=?,update_at=? where tag_id=?
Hibernate: select t1_0.tag_id,t1_0.create_at,t1_0.name,t1_0.update_at from tag t1_0 where t1_0.name=?
Hibernate: select t1_0.tag_id,t1_0.create_at,t1_0.name,t1_0.update_at from tag t1_0
Hibernate: insert into tag (create_at,name,update_at,tag_id) values (?,?,?,default)
Hibernate: insert into tag (create_at,name,update_at,tag_id) values (?,?,?,default)
Hibernate: insert into tag (create_at,name,update_at,tag_id) values (?,?,?,default)
Hibernate: insert into tag (create_at,name,update_at,tag_id) values (?,?,?,default)
Hibernate: insert into tag (create_at,name,update_at,tag_id) values (?,?,?,default)
Hibernate: select t1_0.tag_id,t1_0.create_at,t1_0.name,t1_0.update_at from tag t1_0 where t1_0.name=?
]]></system-out>
  <system-err><![CDATA[]]></system-err>
</testsuite>
